<?xml version="1.0" encoding="UTF-8"?>
<!-- Generated by org.testng.reporters.JUnitXMLReporter -->
<testsuite ignored="0" hostname="LT000189" failures="0" tests="3" name="Test 1" time="0.16" errors="0" timestamp="2024-12-12T23:20:42 IST">
  <testcase classname="Amazon_testcase.LaunchQuit" name="@BeforeMethod precondition" time="-1.734025842065E9">
    <failure type="org.testng.TestNGException" message="
Parameter &amp;apos;browser&amp;apos; is required by BeforeMethod on method precondition but has not been marked @Optional or defined
in C:\Users\Anand Pramamik\eclipse-workspace\New folder\darwinbox\amazonreport.xml">
      <![CDATA[org.testng.TestNGException: 
Parameter 'browser' is required by BeforeMethod on method precondition but has not been marked @Optional or defined
in C:\Users\Anand Pramamik\eclipse-workspace\New folder\darwinbox\amazonreport.xml
at java.base/java.util.ArrayList.forEach(ArrayList.java:1511)
... Removed 28 stack frames]]>
    </failure>
  </testcase> <!-- @BeforeMethod precondition -->
  <testcase classname="Amazon_testcase.LaunchQuit" name="@AfterMethod posttestcaseactivities" time="0.0">
    <skipped/>
  </testcase> <!-- @AfterMethod posttestcaseactivities -->
  <testcase classname="Amazon_testcase.LaunchQuit" name="@BeforeMethod precondition" time="-1.734025842128E9">
    <failure type="org.testng.TestNGException" message="
Parameter &amp;apos;browser&amp;apos; is required by BeforeMethod on method precondition but has not been marked @Optional or defined
in C:\Users\Anand Pramamik\eclipse-workspace\New folder\darwinbox\amazonreport.xml">
      <![CDATA[org.testng.TestNGException: 
Parameter 'browser' is required by BeforeMethod on method precondition but has not been marked @Optional or defined
in C:\Users\Anand Pramamik\eclipse-workspace\New folder\darwinbox\amazonreport.xml
at java.base/java.util.ArrayList.forEach(ArrayList.java:1511)
... Removed 28 stack frames]]>
    </failure>
  </testcase> <!-- @BeforeMethod precondition -->
  <testcase classname="Amazon_testcase.LaunchQuit" name="@AfterMethod posttestcaseactivities" time="0.0">
    <skipped/>
  </testcase> <!-- @AfterMethod posttestcaseactivities -->
  <testcase classname="Amazon_testcase.Testcase2" name="serching_a_product" time="0.001">
    <skipped/>
  </testcase> <!-- serching_a_product -->
  <testcase classname="Amazon_testcase.Testcase1" name="login_to_amazon" time="0.0">
    <skipped/>
  </testcase> <!-- login_to_amazon -->
  <testcase classname="Amazon_testcase.Testcase3" name="searchig_a_product_addingtocart" time="0.005"/>
</testsuite> <!-- Test 1 -->
